<?xml version="1.0" encoding="UTF-8"?>
<coverage generated="1716238852818" clover="3.2.0">
  <project timestamp="1716238852818" name="All files">
    <metrics statements="105" coveredstatements="95" conditionals="13" coveredconditionals="12" methods="8" coveredmethods="7" elements="126" coveredelements="114" complexity="0" loc="105" ncloc="105" packages="4" files="5" classes="5"/>
    <package name="src">
      <metrics statements="66" coveredstatements="56" conditionals="9" coveredconditionals="8" methods="4" coveredmethods="3"/>
      <file name="App.jsx" path="/Users/christoffer/Documents/A Study In Programming/Jensen/Agil projektmetodik och testning/FRK23G/Lektionsmaterial/lektion-21-maj-mocka-api/shopping-cart/src/App.jsx">
        <metrics statements="56" coveredstatements="56" conditionals="8" coveredconditionals="8" methods="3" coveredmethods="3"/>
        <line num="1" count="1" type="stmt"/>
        <line num="2" count="1" type="stmt"/>
        <line num="3" count="1" type="stmt"/>
        <line num="4" count="1" type="stmt"/>
        <line num="5" count="1" type="stmt"/>
        <line num="6" count="1" type="stmt"/>
        <line num="7" count="13" type="cond" truecount="1" falsecount="0"/>
        <line num="8" count="13" type="stmt"/>
        <line num="9" count="13" type="stmt"/>
        <line num="10" count="13" type="stmt"/>
        <line num="11" count="13" type="cond" truecount="1" falsecount="0"/>
        <line num="12" count="5" type="stmt"/>
        <line num="13" count="5" type="stmt"/>
        <line num="14" count="5" type="stmt"/>
        <line num="15" count="5" type="stmt"/>
        <line num="16" count="5" type="stmt"/>
        <line num="17" count="13" type="stmt"/>
        <line num="18" count="13" type="cond" truecount="1" falsecount="0"/>
        <line num="19" count="4" type="stmt"/>
        <line num="20" count="13" type="stmt"/>
        <line num="21" count="13" type="stmt"/>
        <line num="22" count="13" type="cond" truecount="1" falsecount="0"/>
        <line num="23" count="186" type="stmt"/>
        <line num="24" count="186" type="stmt"/>
        <line num="25" count="186" type="stmt"/>
        <line num="26" count="186" type="stmt"/>
        <line num="27" count="186" type="stmt"/>
        <line num="28" count="186" type="stmt"/>
        <line num="29" count="186" type="stmt"/>
        <line num="30" count="186" type="stmt"/>
        <line num="31" count="186" type="stmt"/>
        <line num="32" count="186" type="stmt"/>
        <line num="33" count="186" type="stmt"/>
        <line num="34" count="13" type="stmt"/>
        <line num="35" count="13" type="stmt"/>
        <line num="36" count="13" type="cond" truecount="1" falsecount="0"/>
        <line num="37" count="3" type="cond" truecount="1" falsecount="0"/>
        <line num="38" count="3" type="stmt"/>
        <line num="39" count="3" type="cond" truecount="1" falsecount="0"/>
        <line num="40" count="62" type="cond" truecount="1" falsecount="0"/>
        <line num="41" count="3" type="stmt"/>
        <line num="42" count="3" type="stmt"/>
        <line num="43" count="3" type="stmt"/>
        <line num="44" count="3" type="stmt"/>
        <line num="45" count="13" type="stmt"/>
        <line num="46" count="13" type="stmt"/>
        <line num="47" count="13" type="stmt"/>
        <line num="48" count="13" type="stmt"/>
        <line num="49" count="13" type="stmt"/>
        <line num="50" count="13" type="stmt"/>
        <line num="51" count="13" type="stmt"/>
        <line num="52" count="13" type="stmt"/>
        <line num="53" count="13" type="stmt"/>
        <line num="54" count="13" type="stmt"/>
        <line num="55" count="1" type="stmt"/>
        <line num="56" count="1" type="stmt"/>
      </file>
      <file name="main.jsx" path="/Users/christoffer/Documents/A Study In Programming/Jensen/Agil projektmetodik och testning/FRK23G/Lektionsmaterial/lektion-21-maj-mocka-api/shopping-cart/src/main.jsx">
        <metrics statements="10" coveredstatements="0" conditionals="1" coveredconditionals="0" methods="1" coveredmethods="0"/>
        <line num="1" count="0" type="cond" truecount="0" falsecount="1"/>
        <line num="2" count="0" type="stmt"/>
        <line num="3" count="0" type="stmt"/>
        <line num="4" count="0" type="stmt"/>
        <line num="5" count="0" type="stmt"/>
        <line num="6" count="0" type="stmt"/>
        <line num="7" count="0" type="stmt"/>
        <line num="8" count="0" type="stmt"/>
        <line num="9" count="0" type="stmt"/>
        <line num="10" count="0" type="stmt"/>
      </file>
    </package>
    <package name="src.components.Cart">
      <metrics statements="10" coveredstatements="10" conditionals="1" coveredconditionals="1" methods="1" coveredmethods="1"/>
      <file name="Cart.jsx" path="/Users/christoffer/Documents/A Study In Programming/Jensen/Agil projektmetodik och testning/FRK23G/Lektionsmaterial/lektion-21-maj-mocka-api/shopping-cart/src/components/Cart/Cart.jsx">
        <metrics statements="10" coveredstatements="10" conditionals="1" coveredconditionals="1" methods="1" coveredmethods="1"/>
        <line num="1" count="14" type="cond" truecount="1" falsecount="0"/>
        <line num="2" count="14" type="stmt"/>
        <line num="3" count="14" type="stmt"/>
        <line num="4" count="14" type="stmt"/>
        <line num="5" count="14" type="stmt"/>
        <line num="6" count="14" type="stmt"/>
        <line num="7" count="14" type="stmt"/>
        <line num="8" count="14" type="stmt"/>
        <line num="9" count="1" type="stmt"/>
        <line num="10" count="1" type="stmt"/>
      </file>
    </package>
    <package name="src.components.Header">
      <metrics statements="11" coveredstatements="11" conditionals="1" coveredconditionals="1" methods="1" coveredmethods="1"/>
      <file name="Header.jsx" path="/Users/christoffer/Documents/A Study In Programming/Jensen/Agil projektmetodik och testning/FRK23G/Lektionsmaterial/lektion-21-maj-mocka-api/shopping-cart/src/components/Header/Header.jsx">
        <metrics statements="11" coveredstatements="11" conditionals="1" coveredconditionals="1" methods="1" coveredmethods="1"/>
        <line num="1" count="1" type="stmt"/>
        <line num="2" count="1" type="stmt"/>
        <line num="3" count="13" type="cond" truecount="1" falsecount="0"/>
        <line num="4" count="13" type="stmt"/>
        <line num="5" count="13" type="stmt"/>
        <line num="6" count="13" type="stmt"/>
        <line num="7" count="13" type="stmt"/>
        <line num="8" count="13" type="stmt"/>
        <line num="9" count="13" type="stmt"/>
        <line num="10" count="1" type="stmt"/>
        <line num="11" count="1" type="stmt"/>
      </file>
    </package>
    <package name="src.components.Product">
      <metrics statements="18" coveredstatements="18" conditionals="2" coveredconditionals="2" methods="2" coveredmethods="2"/>
      <file name="Product.jsx" path="/Users/christoffer/Documents/A Study In Programming/Jensen/Agil projektmetodik och testning/FRK23G/Lektionsmaterial/lektion-21-maj-mocka-api/shopping-cart/src/components/Product/Product.jsx">
        <metrics statements="18" coveredstatements="18" conditionals="2" coveredconditionals="2" methods="2" coveredmethods="2"/>
        <line num="1" count="187" type="cond" truecount="1" falsecount="0"/>
        <line num="2" count="187" type="stmt"/>
        <line num="3" count="187" type="cond" truecount="1" falsecount="0"/>
        <line num="4" count="1" type="stmt"/>
        <line num="5" count="1" type="stmt"/>
        <line num="6" count="187" type="stmt"/>
        <line num="7" count="187" type="stmt"/>
        <line num="8" count="187" type="stmt"/>
        <line num="9" count="187" type="stmt"/>
        <line num="10" count="187" type="stmt"/>
        <line num="11" count="187" type="stmt"/>
        <line num="12" count="187" type="stmt"/>
        <line num="13" count="187" type="stmt"/>
        <line num="14" count="187" type="stmt"/>
        <line num="15" count="187" type="stmt"/>
        <line num="16" count="187" type="stmt"/>
        <line num="17" count="1" type="stmt"/>
        <line num="18" count="1" type="stmt"/>
      </file>
    </package>
  </project>
</coverage>
