{"/Users/christoffer/Documents/A Study In Programming/Jensen/Agil projektmetodik och testning/FRK23G/Lektionsmaterial/lektion-21-maj-mocka-api/shopping-cart/src/App.jsx": {"path":"/Users/christoffer/Documents/A Study In Programming/Jensen/Agil projektmetodik och testning/FRK23G/Lektionsmaterial/lektion-21-maj-mocka-api/shopping-cart/src/App.jsx","all":false,"statementMap":{"0":{"start":{"line":1,"column":0},"end":{"line":1,"column":19}},"1":{"start":{"line":2,"column":0},"end":{"line":2,"column":44}},"2":{"start":{"line":3,"column":0},"end":{"line":3,"column":0}},"3":{"start":{"line":4,"column":0},"end":{"line":4,"column":48}},"4":{"start":{"line":5,"column":0},"end":{"line":5,"column":51}},"5":{"start":{"line":6,"column":0},"end":{"line":6,"column":0}},"6":{"start":{"line":7,"column":0},"end":{"line":7,"column":16}},"7":{"start":{"line":8,"column":0},"end":{"line":8,"column":47}},"8":{"start":{"line":9,"column":0},"end":{"line":9,"column":42}},"9":{"start":{"line":10,"column":0},"end":{"line":10,"column":0}},"10":{"start":{"line":11,"column":0},"end":{"line":11,"column":32}},"11":{"start":{"line":12,"column":0},"end":{"line":12,"column":67}},"12":{"start":{"line":13,"column":0},"end":{"line":13,"column":39}},"13":{"start":{"line":14,"column":0},"end":{"line":14,"column":24}},"14":{"start":{"line":15,"column":0},"end":{"line":15,"column":31}},"15":{"start":{"line":16,"column":0},"end":{"line":16,"column":3}},"16":{"start":{"line":17,"column":0},"end":{"line":17,"column":0}},"17":{"start":{"line":18,"column":0},"end":{"line":18,"column":19}},"18":{"start":{"line":19,"column":0},"end":{"line":19,"column":18}},"19":{"start":{"line":20,"column":0},"end":{"line":20,"column":9}},"20":{"start":{"line":21,"column":0},"end":{"line":21,"column":0}},"21":{"start":{"line":22,"column":0},"end":{"line":22,"column":55}},"22":{"start":{"line":23,"column":0},"end":{"line":23,"column":12}},"23":{"start":{"line":24,"column":0},"end":{"line":24,"column":14}},"24":{"start":{"line":25,"column":0},"end":{"line":25,"column":29}},"25":{"start":{"line":26,"column":0},"end":{"line":26,"column":29}},"26":{"start":{"line":27,"column":0},"end":{"line":27,"column":41}},"27":{"start":{"line":28,"column":0},"end":{"line":28,"column":33}},"28":{"start":{"line":29,"column":0},"end":{"line":29,"column":24}},"29":{"start":{"line":30,"column":0},"end":{"line":30,"column":29}},"30":{"start":{"line":31,"column":0},"end":{"line":31,"column":23}},"31":{"start":{"line":32,"column":0},"end":{"line":32,"column":8}},"32":{"start":{"line":33,"column":0},"end":{"line":33,"column":6}},"33":{"start":{"line":34,"column":0},"end":{"line":34,"column":5}},"34":{"start":{"line":35,"column":0},"end":{"line":35,"column":0}},"35":{"start":{"line":36,"column":0},"end":{"line":36,"column":34}},"36":{"start":{"line":37,"column":0},"end":{"line":37,"column":49}},"37":{"start":{"line":38,"column":0},"end":{"line":38,"column":0}},"38":{"start":{"line":39,"column":0},"end":{"line":39,"column":49}},"39":{"start":{"line":40,"column":0},"end":{"line":40,"column":69}},"40":{"start":{"line":41,"column":0},"end":{"line":41,"column":7}},"41":{"start":{"line":42,"column":0},"end":{"line":42,"column":0}},"42":{"start":{"line":43,"column":0},"end":{"line":43,"column":24}},"43":{"start":{"line":44,"column":0},"end":{"line":44,"column":3}},"44":{"start":{"line":45,"column":0},"end":{"line":45,"column":0}},"45":{"start":{"line":46,"column":0},"end":{"line":46,"column":10}},"46":{"start":{"line":47,"column":0},"end":{"line":47,"column":10}},"47":{"start":{"line":48,"column":0},"end":{"line":48,"column":32}},"48":{"start":{"line":49,"column":0},"end":{"line":49,"column":26}},"49":{"start":{"line":50,"column":0},"end":{"line":50,"column":52}},"50":{"start":{"line":51,"column":0},"end":{"line":51,"column":44}},"51":{"start":{"line":52,"column":0},"end":{"line":52,"column":11}},"52":{"start":{"line":53,"column":0},"end":{"line":53,"column":4}},"53":{"start":{"line":54,"column":0},"end":{"line":54,"column":1}},"54":{"start":{"line":55,"column":0},"end":{"line":55,"column":0}},"55":{"start":{"line":56,"column":0},"end":{"line":56,"column":19}}},"s":{"0":1,"1":1,"2":1,"3":1,"4":1,"5":1,"6":13,"7":13,"8":13,"9":13,"10":13,"11":5,"12":5,"13":5,"14":5,"15":5,"16":13,"17":13,"18":4,"19":13,"20":13,"21":13,"22":186,"23":186,"24":186,"25":186,"26":186,"27":186,"28":186,"29":186,"30":186,"31":186,"32":186,"33":13,"34":13,"35":13,"36":3,"37":3,"38":3,"39":62,"40":3,"41":3,"42":3,"43":3,"44":13,"45":13,"46":13,"47":13,"48":13,"49":13,"50":13,"51":13,"52":13,"53":13,"54":1,"55":1},"branchMap":{"0":{"type":"branch","line":7,"loc":{"start":{"line":7,"column":0},"end":{"line":54,"column":1}},"locations":[{"start":{"line":7,"column":0},"end":{"line":54,"column":1}}]},"1":{"type":"branch","line":11,"loc":{"start":{"line":11,"column":2},"end":{"line":16,"column":3}},"locations":[{"start":{"line":11,"column":2},"end":{"line":16,"column":3}}]},"2":{"type":"branch","line":18,"loc":{"start":{"line":18,"column":12},"end":{"line":20,"column":5}},"locations":[{"start":{"line":18,"column":12},"end":{"line":20,"column":5}}]},"3":{"type":"branch","line":22,"loc":{"start":{"line":22,"column":41},"end":{"line":34,"column":3}},"locations":[{"start":{"line":22,"column":41},"end":{"line":34,"column":3}}]},"4":{"type":"branch","line":36,"loc":{"start":{"line":36,"column":2},"end":{"line":44,"column":3}},"locations":[{"start":{"line":36,"column":2},"end":{"line":44,"column":3}}]},"5":{"type":"branch","line":37,"loc":{"start":{"line":37,"column":35},"end":{"line":37,"column":49}},"locations":[{"start":{"line":37,"column":35},"end":{"line":37,"column":49}}]},"6":{"type":"branch","line":39,"loc":{"start":{"line":39,"column":35},"end":{"line":41,"column":5}},"locations":[{"start":{"line":39,"column":35},"end":{"line":41,"column":5}}]},"7":{"type":"branch","line":40,"loc":{"start":{"line":40,"column":54},"end":{"line":40,"column":69}},"locations":[{"start":{"line":40,"column":54},"end":{"line":40,"column":69}}]}},"b":{"0":[13],"1":[5],"2":[4],"3":[186],"4":[3],"5":[1],"6":[62],"7":[6]},"fnMap":{"0":{"name":"App","decl":{"start":{"line":7,"column":0},"end":{"line":54,"column":1}},"loc":{"start":{"line":7,"column":0},"end":{"line":54,"column":1}},"line":7},"1":{"name":"getProducts","decl":{"start":{"line":11,"column":2},"end":{"line":16,"column":3}},"loc":{"start":{"line":11,"column":2},"end":{"line":16,"column":3}},"line":11},"2":{"name":"filterProducts","decl":{"start":{"line":36,"column":2},"end":{"line":44,"column":3}},"loc":{"start":{"line":36,"column":2},"end":{"line":44,"column":3}},"line":36}},"f":{"0":13,"1":5,"2":3}}
,"/Users/christoffer/Documents/A Study In Programming/Jensen/Agil projektmetodik och testning/FRK23G/Lektionsmaterial/lektion-21-maj-mocka-api/shopping-cart/src/main.jsx": {"path":"/Users/christoffer/Documents/A Study In Programming/Jensen/Agil projektmetodik och testning/FRK23G/Lektionsmaterial/lektion-21-maj-mocka-api/shopping-cart/src/main.jsx","all":true,"statementMap":{"0":{"start":{"line":1,"column":0},"end":{"line":1,"column":25}},"1":{"start":{"line":2,"column":0},"end":{"line":2,"column":39}},"2":{"start":{"line":3,"column":0},"end":{"line":3,"column":27}},"3":{"start":{"line":4,"column":0},"end":{"line":4,"column":20}},"4":{"start":{"line":5,"column":0},"end":{"line":5,"column":0}},"5":{"start":{"line":6,"column":0},"end":{"line":6,"column":60}},"6":{"start":{"line":7,"column":0},"end":{"line":7,"column":20}},"7":{"start":{"line":8,"column":0},"end":{"line":8,"column":11}},"8":{"start":{"line":9,"column":0},"end":{"line":9,"column":22}},"9":{"start":{"line":10,"column":0},"end":{"line":10,"column":1}}},"s":{"0":0,"1":0,"2":0,"3":0,"4":0,"5":0,"6":0,"7":0,"8":0,"9":0},"branchMap":{"0":{"type":"branch","line":1,"loc":{"start":{"line":1,"column":234},"end":{"line":10,"column":1}},"locations":[{"start":{"line":1,"column":234},"end":{"line":10,"column":1}}]}},"b":{"0":[0]},"fnMap":{"0":{"name":"(empty-report)","decl":{"start":{"line":1,"column":234},"end":{"line":10,"column":1}},"loc":{"start":{"line":1,"column":234},"end":{"line":10,"column":1}},"line":1}},"f":{"0":0}}
,"/Users/christoffer/Documents/A Study In Programming/Jensen/Agil projektmetodik och testning/FRK23G/Lektionsmaterial/lektion-21-maj-mocka-api/shopping-cart/src/components/Cart/Cart.jsx": {"path":"/Users/christoffer/Documents/A Study In Programming/Jensen/Agil projektmetodik och testning/FRK23G/Lektionsmaterial/lektion-21-maj-mocka-api/shopping-cart/src/components/Cart/Cart.jsx","all":false,"statementMap":{"0":{"start":{"line":1,"column":0},"end":{"line":1,"column":22}},"1":{"start":{"line":2,"column":0},"end":{"line":2,"column":10}},"2":{"start":{"line":3,"column":0},"end":{"line":3,"column":13}},"3":{"start":{"line":4,"column":0},"end":{"line":4,"column":26}},"4":{"start":{"line":5,"column":0},"end":{"line":5,"column":48}},"5":{"start":{"line":6,"column":0},"end":{"line":6,"column":14}},"6":{"start":{"line":7,"column":0},"end":{"line":7,"column":4}},"7":{"start":{"line":8,"column":0},"end":{"line":8,"column":1}},"8":{"start":{"line":9,"column":0},"end":{"line":9,"column":0}},"9":{"start":{"line":10,"column":0},"end":{"line":10,"column":20}}},"s":{"0":14,"1":14,"2":14,"3":14,"4":14,"5":14,"6":14,"7":14,"8":1,"9":1},"branchMap":{"0":{"type":"branch","line":1,"loc":{"start":{"line":1,"column":0},"end":{"line":8,"column":1}},"locations":[{"start":{"line":1,"column":0},"end":{"line":8,"column":1}}]}},"b":{"0":[14]},"fnMap":{"0":{"name":"Cart","decl":{"start":{"line":1,"column":0},"end":{"line":8,"column":1}},"loc":{"start":{"line":1,"column":0},"end":{"line":8,"column":1}},"line":1}},"f":{"0":14}}
,"/Users/christoffer/Documents/A Study In Programming/Jensen/Agil projektmetodik och testning/FRK23G/Lektionsmaterial/lektion-21-maj-mocka-api/shopping-cart/src/components/Header/Header.jsx": {"path":"/Users/christoffer/Documents/A Study In Programming/Jensen/Agil projektmetodik och testning/FRK23G/Lektionsmaterial/lektion-21-maj-mocka-api/shopping-cart/src/components/Header/Header.jsx","all":false,"statementMap":{"0":{"start":{"line":1,"column":0},"end":{"line":1,"column":32}},"1":{"start":{"line":2,"column":0},"end":{"line":2,"column":0}},"2":{"start":{"line":3,"column":0},"end":{"line":3,"column":24}},"3":{"start":{"line":4,"column":0},"end":{"line":4,"column":12}},"4":{"start":{"line":5,"column":0},"end":{"line":5,"column":16}},"5":{"start":{"line":6,"column":0},"end":{"line":6,"column":44}},"6":{"start":{"line":7,"column":0},"end":{"line":7,"column":17}},"7":{"start":{"line":8,"column":0},"end":{"line":8,"column":5}},"8":{"start":{"line":9,"column":0},"end":{"line":9,"column":1}},"9":{"start":{"line":10,"column":0},"end":{"line":10,"column":0}},"10":{"start":{"line":11,"column":0},"end":{"line":11,"column":22}}},"s":{"0":1,"1":1,"2":13,"3":13,"4":13,"5":13,"6":13,"7":13,"8":13,"9":1,"10":1},"branchMap":{"0":{"type":"branch","line":3,"loc":{"start":{"line":3,"column":0},"end":{"line":9,"column":1}},"locations":[{"start":{"line":3,"column":0},"end":{"line":9,"column":1}}]}},"b":{"0":[13]},"fnMap":{"0":{"name":"Header","decl":{"start":{"line":3,"column":0},"end":{"line":9,"column":1}},"loc":{"start":{"line":3,"column":0},"end":{"line":9,"column":1}},"line":3}},"f":{"0":13}}
,"/Users/christoffer/Documents/A Study In Programming/Jensen/Agil projektmetodik och testning/FRK23G/Lektionsmaterial/lektion-21-maj-mocka-api/shopping-cart/src/components/Product/Product.jsx": {"path":"/Users/christoffer/Documents/A Study In Programming/Jensen/Agil projektmetodik och testning/FRK23G/Lektionsmaterial/lektion-21-maj-mocka-api/shopping-cart/src/components/Product/Product.jsx","all":false,"statementMap":{"0":{"start":{"line":1,"column":0},"end":{"line":1,"column":25}},"1":{"start":{"line":2,"column":0},"end":{"line":2,"column":23}},"2":{"start":{"line":3,"column":0},"end":{"line":3,"column":26}},"3":{"start":{"line":4,"column":0},"end":{"line":4,"column":38}},"4":{"start":{"line":5,"column":0},"end":{"line":5,"column":3}},"5":{"start":{"line":6,"column":0},"end":{"line":6,"column":0}},"6":{"start":{"line":7,"column":0},"end":{"line":7,"column":10}},"7":{"start":{"line":8,"column":0},"end":{"line":8,"column":40}},"8":{"start":{"line":9,"column":0},"end":{"line":9,"column":38}},"9":{"start":{"line":10,"column":0},"end":{"line":10,"column":28}},"10":{"start":{"line":11,"column":0},"end":{"line":11,"column":28}},"11":{"start":{"line":12,"column":0},"end":{"line":12,"column":32}},"12":{"start":{"line":13,"column":0},"end":{"line":13,"column":56}},"13":{"start":{"line":14,"column":0},"end":{"line":14,"column":14}},"14":{"start":{"line":15,"column":0},"end":{"line":15,"column":4}},"15":{"start":{"line":16,"column":0},"end":{"line":16,"column":1}},"16":{"start":{"line":17,"column":0},"end":{"line":17,"column":0}},"17":{"start":{"line":18,"column":0},"end":{"line":18,"column":23}}},"s":{"0":187,"1":187,"2":187,"3":1,"4":1,"5":187,"6":187,"7":187,"8":187,"9":187,"10":187,"11":187,"12":187,"13":187,"14":187,"15":187,"16":1,"17":1},"branchMap":{"0":{"type":"branch","line":1,"loc":{"start":{"line":1,"column":0},"end":{"line":16,"column":1}},"locations":[{"start":{"line":1,"column":0},"end":{"line":16,"column":1}}]},"1":{"type":"branch","line":3,"loc":{"start":{"line":3,"column":2},"end":{"line":5,"column":3}},"locations":[{"start":{"line":3,"column":2},"end":{"line":5,"column":3}}]}},"b":{"0":[187],"1":[1]},"fnMap":{"0":{"name":"Product","decl":{"start":{"line":1,"column":0},"end":{"line":16,"column":1}},"loc":{"start":{"line":1,"column":0},"end":{"line":16,"column":1}},"line":1},"1":{"name":"handleClick","decl":{"start":{"line":3,"column":2},"end":{"line":5,"column":3}},"loc":{"start":{"line":3,"column":2},"end":{"line":5,"column":3}},"line":3}},"f":{"0":187,"1":1}}
}
